<?xml version="1.0" encoding="UTF-8"?>
<!-- Generated by org.testng.reporters.JUnitReportReporter -->
<testsuite hostname="Rajdeep" failures="0" tests="2" name="test.SignInPageTest" time="15.719" errors="0" timestamp="2025-08-26T08:51:52 IST" skipped="0">
  <testcase classname="test.SignInPageTest" name="verifySignInPage" time="7.835"/>
  <system-out/>
  <testcase classname="test.SignInPageTest" name="verifySignInFields" time="7.884"/>
  <system-out/>
</testsuite> <!-- test.SignInPageTest -->
