<?xml version="1.0" encoding="UTF-8"?>
<!-- Generated by org.testng.reporters.JUnitReportReporter -->
<testsuite hostname="Rajdeep" failures="0" tests="1" name="test.HomepageTest" time="18.242" errors="0" timestamp="2025-08-27T09:09:44 IST" skipped="0">
  <testcase classname="test.HomepageTest" name="verifyHomePage" time="18.242"/>
  <system-out/>
</testsuite> <!-- test.HomepageTest -->
