<?xml version="1.0" encoding="UTF-8"?>
<!-- Generated by org.testng.reporters.JUnitReportReporter -->
<testsuite hostname="Rajdeep" failures="0" tests="1" name="test.HomepageTest" time="5.715" errors="0" timestamp="2025-08-24T18:28:29 IST" skipped="0">
  <testcase classname="test.HomepageTest" name="verifyHomePage" time="5.715"/>
  <system-out/>
</testsuite> <!-- test.HomepageTest -->
