<?xml version="1.0" encoding="UTF-8"?>
<!-- Generated by org.testng.reporters.JUnitReportReporter -->
<testsuite hostname="Rajdeep" failures="0" tests="1" name="test.SearchProductTest" time="7.899" errors="0" timestamp="2025-08-24T12:19:27 IST" skipped="0">
  <testcase classname="test.SearchProductTest" name="searchProductAndVerifyFirstLink" time="7.899"/>
  <system-out/>
</testsuite> <!-- test.SearchProductTest -->
