<?xml version="1.0" encoding="UTF-8"?>
<!-- Generated by org.testng.reporters.JUnitReportReporter -->
<testsuite hostname="Rajdeep" failures="0" tests="1" name="test.SearchProductTest" time="11.764" errors="0" timestamp="2025-08-27T09:09:44 IST" skipped="0">
  <testcase classname="test.SearchProductTest" name="searchProductAndVerifyFirstLink" time="11.764"/>
  <system-out/>
</testsuite> <!-- test.SearchProductTest -->
