<?xml version="1.0" encoding="UTF-8"?>
<!-- Generated by org.testng.reporters.JUnitReportReporter -->
<testsuite hostname="Rajdeep" failures="0" tests="2" name="test.MxPlayerHomepageTest" time="17.140" errors="0" timestamp="2025-08-24T12:19:27 IST" skipped="0">
  <testcase classname="test.MxPlayerHomepageTest" name="verifyMXPlayerHomepage" time="8.902"/>
  <system-out/>
  <testcase classname="test.MxPlayerHomepageTest" name="verifyLinks" time="8.238"/>
  <system-out/>
</testsuite> <!-- test.MxPlayerHomepageTest -->
