<?xml version="1.0" encoding="UTF-8"?>
<!-- Generated by org.testng.reporters.JUnitReportReporter -->
<testsuite hostname="Rajdeep" failures="0" tests="1" name="test.HomepageTest" time="3.932" errors="0" timestamp="2025-08-24T10:00:52 IST" skipped="0">
  <testcase classname="test.HomepageTest" name="verifyHomePage" time="3.932"/>
  <system-out/>
</testsuite> <!-- test.HomepageTest -->
