<?xml version="1.0" encoding="UTF-8"?>
<!-- Generated by org.testng.reporters.JUnitReportReporter -->
<testsuite hostname="Rajdeep" failures="0" tests="2" name="test.SignInPageTest" time="18.841" errors="0" timestamp="2025-08-27T09:13:32 IST" skipped="0">
  <testcase classname="test.SignInPageTest" name="verifySignInPage" time="8.579"/>
  <system-out/>
  <testcase classname="test.SignInPageTest" name="verifySignInFields" time="10.262"/>
  <system-out/>
</testsuite> <!-- test.SignInPageTest -->
