<?xml version="1.0" encoding="UTF-8"?>
<!-- Generated by org.testng.reporters.JUnitReportReporter -->
<testsuite hostname="Rajdeep" failures="0" tests="1" name="test.MxPlayerHomepageTest" time="8.511" errors="0" timestamp="2025-08-24T10:00:52 IST" skipped="0">
  <testcase classname="test.MxPlayerHomepageTest" name="verifyMXPlayerHomepage" time="8.511"/>
  <system-out/>
</testsuite> <!-- test.MxPlayerHomepageTest -->
