<?xml version="1.0" encoding="UTF-8"?>
<!-- Generated by org.testng.reporters.JUnitReportReporter -->
<testsuite hostname="Rajdeep" failures="0" tests="1" name="test.HomepageTest" time="7.423" errors="0" timestamp="2025-08-26T08:51:52 IST" skipped="0">
  <testcase classname="test.HomepageTest" name="verifyHomePage" time="7.423"/>
  <system-out/>
</testsuite> <!-- test.HomepageTest -->
