<?xml version="1.0" encoding="UTF-8"?>
<!-- Generated by org.testng.reporters.JUnitReportReporter -->
<testsuite hostname="Rajdeep" failures="0" tests="2" name="test.SignInPageTest" time="14.724" errors="0" timestamp="2025-08-27T09:09:44 IST" skipped="0">
  <testcase classname="test.SignInPageTest" name="verifySignInPage" time="7.307"/>
  <system-out/>
  <testcase classname="test.SignInPageTest" name="verifySignInFields" time="7.417"/>
  <system-out/>
</testsuite> <!-- test.SignInPageTest -->
